<?xml version="1.0" encoding="UTF-8"?>
<!-- Generated by org.testng.reporters.JUnitReportReporter -->
<testsuite hostname="LAPTOP-LURRNF8O" failures="0" tests="1" name="Com.ProjectName.qa.Test.RegistrtionTest" time="2.920" errors="0" timestamp="2022-11-14T16:56:45 IST" skipped="0">
  <testcase classname="Com.ProjectName.qa.Test.RegistrtionTest" name="FacebookregistrationPageTest_Positive" time="2.920"/>
  <system-out/>
</testsuite> <!-- Com.ProjectName.qa.Test.RegistrtionTest -->
