<?xml version="1.0" encoding="UTF-8"?>
<!-- Generated by org.testng.reporters.JUnitReportReporter -->
<testsuite hostname="LAPTOP-LURRNF8O" failures="0" tests="1" name="Com.ProjectName.qa.Test.LoginPageTest" time="0.699" errors="0" timestamp="2022-11-14T16:56:45 IST" skipped="0">
  <testcase classname="Com.ProjectName.qa.Test.LoginPageTest" name="FacebookLoginPageTest" time="0.699"/>
  <system-out>
    <![CDATA[VerifyFacebookLoginPageLogo
VerifyFacebookLoginPageTagline
VeryFyFacebookLOginPageCreatNewAccountBtn
VeriFyFacebookLoginPageForgotPasswardlink
VerifyFacebookLoginPageFooterlinksSize
SetFacebookLoginPageUsername
SetFacebookLoginPagePassward
ClickFacebookLoginPageLoginbtn]]>
  </system-out>
</testsuite> <!-- Com.ProjectName.qa.Test.LoginPageTest -->
